<?xml version="1.0" encoding="UTF-8"?>
<!-- Generated by org.testng.reporters.JUnitReportReporter -->
<testsuite hostname="DESKTOP-N4LMKMQ" failures="0" tests="1" name="appName.frontend.tests.login.ValidLoginTests" time="0.559" errors="0" timestamp="17 Nov 2024 05:59:35 GMT" skipped="0">
  <testcase classname="appName.frontend.tests.login.ValidLoginTests" name="loginTest1" time="0.559"/>
</testsuite> <!-- appName.frontend.tests.login.ValidLoginTests -->
